TN:
SF:src\caixa-da-lanchonete.js
FN:2,CaixaDaLanchonete
FN:19,calcularValorDaCompra
FNF:2
FNH:2
FNDA:1,CaixaDaLanchonete
FNDA:19,calcularValorDaCompra
DA:1,1
DA:2,1
DA:3,1
DA:4,1
DA:5,1
DA:6,1
DA:7,1
DA:8,1
DA:9,1
DA:10,1
DA:11,1
DA:12,1
DA:13,1
DA:14,1
DA:15,1
DA:16,1
DA:17,1
DA:18,1
DA:19,1
DA:20,19
DA:21,19
DA:22,1
DA:23,1
DA:24,18
DA:25,18
DA:26,19
DA:27,3
DA:28,3
DA:29,15
DA:30,15
DA:31,15
DA:32,15
DA:33,15
DA:34,19
DA:35,29
DA:36,29
DA:37,29
DA:38,29
DA:39,4
DA:40,4
DA:41,25
DA:42,25
DA:43,29
DA:44,1
DA:45,1
DA:46,24
DA:47,24
DA:48,24
DA:49,24
DA:50,24
DA:51,24
DA:52,24
DA:53,24
DA:54,29
DA:55,10
DA:56,10
DA:57,10
DA:58,10
DA:59,19
DA:60,0
DA:61,0
DA:62,0
DA:63,0
DA:64,0
DA:65,0
DA:66,10
DA:67,10
DA:68,19
DA:69,3
DA:70,19
DA:71,4
DA:72,4
DA:73,10
DA:74,10
DA:75,10
DA:76,10
DA:77,1
DA:78,1
DA:79,1
LF:79
LH:73
BRDA:2,0,0,1
BRDA:19,1,0,19
BRDA:21,2,0,1
BRDA:23,3,0,18
BRDA:26,4,0,3
BRDA:28,5,0,15
BRDA:34,6,0,29
BRDA:38,7,0,4
BRDA:40,8,0,25
BRDA:43,9,0,1
BRDA:45,10,0,24
BRDA:54,11,0,10
BRDA:59,12,0,0
BRDA:65,13,0,10
BRDA:68,14,0,3
BRDA:70,15,0,7
BRDA:70,16,0,4
BRDA:72,17,0,10
BRDA:57,18,0,22
BRF:19
BRH:18
end_of_record
